  Source.cpp
D:\FCIS ASU\Projects\pacMan\pacMan\Source.cpp(116,45): warning C4305: 'argument': truncation from 'double' to 'float'
D:\FCIS ASU\Projects\pacMan\pacMan\Source.cpp(126,44): warning C4244: '=': conversion from 'float' to 'int', possible loss of data
D:\FCIS ASU\Projects\pacMan\pacMan\Source.cpp(127,44): warning C4244: '=': conversion from 'float' to 'int', possible loss of data
D:\FCIS ASU\Projects\pacMan\pacMan\Source.cpp(131,44): warning C4244: '=': conversion from 'float' to 'int', possible loss of data
D:\FCIS ASU\Projects\pacMan\pacMan\Source.cpp(132,44): warning C4244: '=': conversion from 'float' to 'int', possible loss of data
D:\FCIS ASU\Projects\pacMan\pacMan\Source.cpp(136,44): warning C4244: '=': conversion from 'float' to 'int', possible loss of data
D:\FCIS ASU\Projects\pacMan\pacMan\Source.cpp(137,44): warning C4244: '=': conversion from 'float' to 'int', possible loss of data
D:\FCIS ASU\Projects\pacMan\pacMan\Source.cpp(141,44): warning C4244: '=': conversion from 'float' to 'int', possible loss of data
D:\FCIS ASU\Projects\pacMan\pacMan\Source.cpp(142,44): warning C4244: '=': conversion from 'float' to 'int', possible loss of data
D:\FCIS ASU\Projects\pacMan\pacMan\Source.cpp(147,44): warning C4244: '=': conversion from 'float' to 'int', possible loss of data
D:\FCIS ASU\Projects\pacMan\pacMan\Source.cpp(148,44): warning C4244: '=': conversion from 'float' to 'int', possible loss of data
D:\FCIS ASU\Projects\pacMan\pacMan\Source.cpp(153,45): warning C4305: 'argument': truncation from 'double' to 'float'
D:\FCIS ASU\Projects\pacMan\pacMan\Source.cpp(271,69): warning C4244: 'argument': conversion from 'int' to 'float', possible loss of data
D:\FCIS ASU\Projects\pacMan\pacMan\Source.cpp(271,50): warning C4244: 'argument': conversion from 'int' to 'float', possible loss of data
D:\FCIS ASU\Projects\pacMan\pacMan\Source.cpp(297,57): warning C4244: 'argument': conversion from 'double' to 'T', possible loss of data
          with
          [
              T=int
          ]
D:\FCIS ASU\Projects\pacMan\pacMan\Source.cpp(297,41): warning C4244: 'argument': conversion from 'double' to 'T', possible loss of data
          with
          [
              T=int
          ]
D:\FCIS ASU\Projects\pacMan\pacMan\Source.cpp(339,73): warning C4244: 'argument': conversion from 'int' to 'float', possible loss of data
D:\FCIS ASU\Projects\pacMan\pacMan\Source.cpp(339,54): warning C4244: 'argument': conversion from 'int' to 'float', possible loss of data
D:\FCIS ASU\Projects\pacMan\pacMan\Source.cpp(348,20): warning C4244: 'argument': conversion from 'int' to 'float', possible loss of data
D:\FCIS ASU\Projects\pacMan\pacMan\Source.cpp(356,20): warning C4244: 'argument': conversion from 'int' to 'float', possible loss of data
D:\FCIS ASU\Projects\pacMan\pacMan\Source.cpp(498,17): warning C4244: 'initializing': conversion from 'float' to 'int', possible loss of data
D:\FCIS ASU\Projects\pacMan\pacMan\Source.cpp(499,17): warning C4244: 'initializing': conversion from 'float' to 'int', possible loss of data
D:\FCIS ASU\Projects\pacMan\pacMan\Source.cpp(527,51): warning C4244: 'argument': conversion from 'int' to 'float', possible loss of data
D:\FCIS ASU\Projects\pacMan\pacMan\Source.cpp(538,103): warning C4244: 'argument': conversion from 'T' to 'T', possible loss of data
          with
          [
              T=int
          ]
          and
          [
              T=float
          ]
D:\FCIS ASU\Projects\pacMan\pacMan\Source.cpp(538,80): warning C4244: 'argument': conversion from 'T' to 'T', possible loss of data
          with
          [
              T=int
          ]
          and
          [
              T=float
          ]
D:\FCIS ASU\Projects\pacMan\pacMan\Source.cpp(534,15): warning C4101: 'event': unreferenced local variable
D:\FCIS ASU\Projects\pacMan\pacMan\Source.cpp(533,18): warning C4101: 'keyboard': unreferenced local variable
D:\FCIS ASU\Projects\pacMan\pacMan\Source.cpp(551,31): warning C4244: 'argument': conversion from 'int' to 'float', possible loss of data
D:\FCIS ASU\Projects\pacMan\pacMan\Source.cpp(551,19): warning C4244: 'argument': conversion from 'int' to 'float', possible loss of data
D:\FCIS ASU\Projects\pacMan\pacMan\Source.cpp(627,78): warning C4244: 'argument': conversion from 'T' to 'float', possible loss of data
          with
          [
              T=unsigned int
          ]
D:\FCIS ASU\Projects\pacMan\pacMan\Source.cpp(627,47): warning C4244: 'argument': conversion from 'T' to 'float', possible loss of data
          with
          [
              T=unsigned int
          ]
D:\FCIS ASU\Projects\pacMan\pacMan\Source.cpp(628,82): warning C4244: 'argument': conversion from 'T' to 'float', possible loss of data
          with
          [
              T=unsigned int
          ]
D:\FCIS ASU\Projects\pacMan\pacMan\Source.cpp(628,51): warning C4244: 'argument': conversion from 'T' to 'float', possible loss of data
          with
          [
              T=unsigned int
          ]
D:\FCIS ASU\Projects\pacMan\pacMan\Source.cpp(645,136): warning C4244: 'argument': conversion from 'double' to 'float', possible loss of data
D:\FCIS ASU\Projects\pacMan\pacMan\Source.cpp(652,42): warning C4353: nonstandard extension used: constant 0 as function expression.  Use '__noop' function intrinsic instead
D:\FCIS ASU\Projects\pacMan\pacMan\Source.cpp(663,96): warning C4244: 'argument': conversion from 'T' to 'T', possible loss of data
          with
          [
              T=int
          ]
          and
          [
              T=float
          ]
D:\FCIS ASU\Projects\pacMan\pacMan\Source.cpp(663,73): warning C4244: 'argument': conversion from 'T' to 'T', possible loss of data
          with
          [
              T=int
          ]
          and
          [
              T=float
          ]
D:\FCIS ASU\Projects\pacMan\pacMan\Source.cpp(689,91): warning C4244: 'argument': conversion from 'T' to 'T', possible loss of data
          with
          [
              T=int
          ]
          and
          [
              T=float
          ]
D:\FCIS ASU\Projects\pacMan\pacMan\Source.cpp(689,68): warning C4244: 'argument': conversion from 'T' to 'T', possible loss of data
          with
          [
              T=int
          ]
          and
          [
              T=float
          ]
D:\FCIS ASU\Projects\pacMan\pacMan\Source.cpp(548): warning C4715: 'Mainmenu::SelectedItem': not all control paths return a value
  pacMan.vcxproj -> D:\FCIS ASU\Projects\pacMan\pacMan\x64\Debug\pacMan.exe
